<?xml version="1.0" encoding="UTF-8"?>
<!-- Generated by org.testng.reporters.JUnitReportReporter -->
<testsuite hostname="Chetan" failures="0" tests="1" name="test.HomepageTest" time="15.320" errors="0" timestamp="2022-05-07T14:17:58 IST" skipped="0">
  <testcase classname="test.HomepageTest" name="homepage" time="15.320"/>
  <system-out/>
</testsuite> <!-- test.HomepageTest -->
