<?xml version="1.0" encoding="UTF-8"?>
<!-- Generated by org.testng.reporters.JUnitReportReporter -->
<testsuite hostname="Chetan" failures="0" tests="1" name="test.BuyModule" time="33.093" errors="0" timestamp="2022-05-05T15:11:40 IST" skipped="0">
  <testcase classname="test.BuyModule" name="buyShare" time="33.093"/>
  <system-out/>
</testsuite> <!-- test.BuyModule -->
